
  .   ____          _            __ _ _
 /\\ / ___'_ __ _ _(_)_ __  __ _ \ \ \ \
( ( )\___ | '_ | '_| | '_ \/ _` | \ \ \ \
 \\/  ___)| |_)| | | | | || (_| |  ) ) ) )
  '  |____| .__|_| |_|_| |_\__, | / / / /
 =========|_|==============|___/=/_/_/_/

 :: Spring Boot ::                (v4.0.3)

2026-03-02T11:54:06.840+05:30  INFO 26020 --- [           main] c.y.er_scanner.ErScannerApplication      : Starting ErScannerApplication v0.0.1-SNAPSHOT using Java 25.0.1 with PID 26020 (/Users/yogeshchandraprasad/Development/Projects/er-scanner/target/er-scanner-0.0.1-SNAPSHOT.jar started by yogeshchandraprasad in /Users/yogeshchandraprasad/Development/Projects/er-scanner)
2026-03-02T11:54:06.842+05:30  INFO 26020 --- [           main] c.y.er_scanner.ErScannerApplication      : No active profile set, falling back to 1 default profile: "default"
2026-03-02T11:54:07.158+05:30  INFO 26020 --- [           main] o.s.boot.tomcat.TomcatWebServer          : Tomcat initialized with port 8080 (http)
2026-03-02T11:54:07.162+05:30  INFO 26020 --- [           main] o.apache.catalina.core.StandardService   : Starting service [Tomcat]
2026-03-02T11:54:07.162+05:30  INFO 26020 --- [           main] o.apache.catalina.core.StandardEngine    : Starting Servlet engine: [Apache Tomcat/11.0.18]
2026-03-02T11:54:07.170+05:30  INFO 26020 --- [           main] b.w.c.s.WebApplicationContextInitializer : Root WebApplicationContext: initialization completed in 309 ms
2026-03-02T11:54:07.222+05:30  INFO 26020 --- [           main] o.s.b.w.a.WelcomePageHandlerMapping      : Adding welcome page: class path resource [static/index.html]
2026-03-02T11:54:07.311+05:30  INFO 26020 --- [           main] o.s.boot.tomcat.TomcatWebServer          : Tomcat started on port 8080 (http) with context path '/'
2026-03-02T11:54:07.316+05:30  INFO 26020 --- [           main] c.y.er_scanner.ErScannerApplication      : Started ErScannerApplication in 0.61 seconds (process running for 0.769)
2026-03-02T11:54:16.586+05:30  INFO 26020 --- [nio-8080-exec-1] o.a.c.c.C.[Tomcat].[localhost].[/]       : Initializing Spring DispatcherServlet 'dispatcherServlet'
2026-03-02T11:54:16.586+05:30  INFO 26020 --- [nio-8080-exec-1] o.s.web.servlet.DispatcherServlet        : Initializing Servlet 'dispatcherServlet'
2026-03-02T11:54:16.587+05:30  INFO 26020 --- [nio-8080-exec-1] o.s.web.servlet.DispatcherServlet        : Completed initialization in 1 ms
2026-03-02T11:54:16.598+05:30  INFO 26020 --- [nio-8080-exec-1] com.zaxxer.hikari.HikariDataSource       : HikariPool-1 - Starting...
2026-03-02T11:54:16.672+05:30  INFO 26020 --- [nio-8080-exec-1] com.zaxxer.hikari.pool.HikariPool        : HikariPool-1 - Added connection com.mysql.cj.jdbc.ConnectionImpl@610e6227
2026-03-02T11:54:16.673+05:30  INFO 26020 --- [nio-8080-exec-1] com.zaxxer.hikari.HikariDataSource       : HikariPool-1 - Start completed.
Generating Mermaid ER Diagram...erDiagram
    direction TB

    AUDIT_LOGS {
        string audit_id PK
        string user_id FK
        string entity_name
        string entity_id
        string action_type
        string created_at
    }

    AUX_TABLE_2 {
        string id PK
        string tenant_id
        string user_id
        string order_id
        string random_code
        string created_at
    }

    AUX_TABLE_20 {
        string id PK
        string tenant_id
        string user_id
        string order_id
        string random_code
        string created_at
    }

    AUX_TABLE_21 {
        string id PK
        string tenant_id
        string user_id
        string order_id
        string random_code
        string created_at
    }

    AUX_TABLE_22 {
        string id PK
        string tenant_id
        string user_id
        string order_id
        string random_code
        string created_at
    }

    AUX_TABLE_23 {
        string id PK
        string tenant_id
        string user_id
        string order_id
        string random_code
        string created_at
    }

    AUX_TABLE_24 {
        string id PK
        string tenant_id
        string user_id
        string order_id
        string random_code
        string created_at
    }

    AUX_TABLE_25 {
        string id PK
        string tenant_id
        string user_id
        string order_id
        string random_code
        string created_at
    }

    AUX_TABLE_26 {
        string id PK
        string tenant_id
        string user_id
        string order_id
        string random_code
        string created_at
    }

    AUX_TABLE_27 {
        string id PK
        string tenant_id
        string user_id
        string order_id
        string random_code
        string created_at
    }

    AUX_TABLE_28 {
        string id PK
        string tenant_id
        string user_id
        string order_id
        string random_code
        string created_at
    }

    AUX_TABLE_29 {
        string id PK
        string tenant_id
        string user_id
        string order_id
        string random_code
        string created_at
    }

    AUX_TABLE_3 {
        string id PK
        string tenant_id
        string user_id
        string order_id
        string random_code
        string created_at
    }

    AUX_TABLE_30 {
        string id PK
        string tenant_id
        string user_id
        string order_id
        string random_code
        string created_at
    }

    AUX_TABLE_31 {
        string id PK
        string tenant_id
        string user_id
        string order_id
        string random_code
        string created_at
    }

    AUX_TABLE_32 {
        string id PK
        string tenant_id
        string user_id
        string order_id
        string random_code
        string created_at
    }

    AUX_TABLE_33 {
        string id PK
        string tenant_id
        string user_id
        string order_id
        string random_code
        string created_at
    }

    AUX_TABLE_34 {
        string id PK
        string tenant_id
        string user_id
        string order_id
        string random_code
        string created_at
    }

    AUX_TABLE_35 {
        string id PK
        string tenant_id
        string user_id
        string order_id
        string random_code
        string created_at
    }

    AUX_TABLE_36 {
        string id PK
        string tenant_id
        string user_id
        string order_id
        string random_code
        string created_at
    }

    AUX_TABLE_37 {
        string id PK
        string tenant_id
        string user_id
        string order_id
        string random_code
        string created_at
    }

    AUX_TABLE_38 {
        string id PK
        string tenant_id
        string user_id
        string order_id
        string random_code
        string created_at
    }

    AUX_TABLE_39 {
        string id PK
        string tenant_id
        string user_id
        string order_id
        string random_code
        string created_at
    }

    AUX_TABLE_4 {
        string id PK
        string tenant_id
        string user_id
        string order_id
        string random_code
        string created_at
    }

    AUX_TABLE_40 {
        string id PK
        string tenant_id
        string user_id
        string order_id
        string random_code
        string created_at
    }

    AUX_TABLE_41 {
        string id PK
        string tenant_id
        string user_id
        string order_id
        string random_code
        string created_at
    }

    AUX_TABLE_42 {
        string id PK
        string tenant_id
        string user_id
        string order_id
        string random_code
        string created_at
    }

    AUX_TABLE_43 {
        string id PK
        string tenant_id
        string user_id
        string order_id
        string random_code
        string created_at
    }

    AUX_TABLE_44 {
        string id PK
        string tenant_id
        string user_id
        string order_id
        string random_code
        string created_at
    }

    AUX_TABLE_45 {
        string id PK
        string tenant_id
        string user_id
        string order_id
        string random_code
        string created_at
    }

    AUX_TABLE_46 {
        string id PK
        string tenant_id
        string user_id
        string order_id
        string random_code
        string created_at
    }

    AUX_TABLE_47 {
        string id PK
        string tenant_id
        string user_id
        string order_id
        string random_code
        string created_at
    }

    AUX_TABLE_48 {
        string id PK
        string tenant_id
        string user_id
        string order_id
        string random_code
        string created_at
    }

    AUX_TABLE_49 {
        string id PK
        string tenant_id
        string user_id
        string order_id
        string random_code
        string created_at
    }

    AUX_TABLE_5 {
        string id PK
        string tenant_id
        string user_id
        string order_id
        string random_code
        string created_at
    }

    AUX_TABLE_50 {
        string id PK
        string tenant_id
        string user_id
        string order_id
        string random_code
        string created_at
    }

    AUX_TABLE_6 {
        string id PK
        string tenant_id
        string user_id
        string order_id
        string random_code
        string created_at
    }

    AUX_TABLE_7 {
        string id PK
        string tenant_id
        string user_id
        string order_id
        string random_code
        string created_at
    }

    AUX_TABLE_8 {
        string id PK
        string tenant_id
        string user_id
        string order_id
        string random_code
        string created_at
    }

    AUX_TABLE_9 {
        string id PK
        string tenant_id
        string user_id
        string order_id
        string random_code
        string created_at
    }

    CATEGORIES {
        string category_id PK
        string category_name
    }

    INVENTORY {
        string inventory_id PK
        string product_id FK
        string quantity
        string warehouse_code
    }

    INVOICES {
        string invoice_id PK
        string order_id FK
        string total_amount
        string generated_at
    }

    NOTIFICATIONS {
        string notification_id PK
        string user_id FK
        string message
        string sent_at
    }

    ORDER_ITEMS {
        string order_item_id PK
        string order_id FK
        string product_id FK
        string quantity
        string price
    }

    ORDERS {
        string order_id PK
        string customer_id
        string amount
        string order_id PK
        string user_id FK
        string tenant_id FK
        string order_date
        string status
    }

    PAYMENTS {
        string payment_id PK
        string order_id FK
        string paid_amount
        string payment_id PK
        string order_id FK
        string user_id FK
        string amount
        string payment_status
    }

    PRODUCTS {
        string product_id PK
        string category_id FK
        string product_name
        string price
    }

    ROLES {
        string role_id PK
        string role_name
    }

    SHIPMENTS {
        string shipment_id PK
        string order_id FK
        string tracking_number
        string shipped_date
    }

    TENANTS {
        string tenant_id PK
        string tenant_name
        string created_at
    }

    USER_ROLES {
        string user_id PK
        string role_id PK
    }

    USERS {
        string user_id PK
        string tenant_id FK
        string email
        string username
        string created_at
        string USER
        string CURRENT_CONNECTIONS
        string TOTAL_CONNECTIONS
        string MAX_SESSION_CONTROLLED_MEMORY
        string MAX_SESSION_TOTAL_MEMORY
    }

    AUDIT_LOGS ||--o{ USERS : user_id
    INVENTORY ||--o{ PRODUCTS : product_id
    INVOICES ||--o{ ORDERS : order_id
    NOTIFICATIONS ||--o{ USERS : user_id
    ORDER_ITEMS ||--o{ ORDERS : order_id
    ORDER_ITEMS ||--o{ PRODUCTS : product_id
    ORDERS ||--o{ TENANTS : tenant_id
    ORDERS ||--o{ USERS : user_id
    PAYMENTS ||--o{ ORDERS : order_id
    PAYMENTS ||--o{ USERS : user_id
    PRODUCTS ||--o{ CATEGORIES : category_id
    SHIPMENTS ||--o{ ORDERS : order_id
    USER_ROLES ||--o{ ROLES : role_id
    USER_ROLES ||--o{ USERS : user_id
    USERS ||--o{ TENANTS : tenant_id
    ORDER_ITEMS ||--o{ USERS : order_item_id (data-inferred)
    ORDER_ITEMS ||--o{ USERS : order_item_id (data-inferred)
    ORDER_ITEMS ||--o{ USERS : quantity (data-inferred)
    ORDER_ITEMS ||--o{ USERS : quantity (data-inferred)
    ORDER_ITEMS ||--o{ USERS : product_id (data-inferred)
    ORDER_ITEMS ||--o{ USERS : product_id (data-inferred)
    ORDER_ITEMS ||--o{ USERS : order_id (data-inferred)
    ORDER_ITEMS ||--o{ USERS : order_id (data-inferred)
    ORDER_ITEMS ||--o{ ORDERS : order_item_id (data-inferred)
    ORDER_ITEMS ||--o{ ORDERS : order_item_id (data-inferred)
    ORDER_ITEMS ||--o{ ORDERS : order_item_id (data-inferred)
    ORDER_ITEMS ||--o{ ORDERS : quantity (data-inferred)
    ORDER_ITEMS ||--o{ ORDERS : quantity (data-inferred)
    ORDER_ITEMS ||--o{ ORDERS : quantity (data-inferred)
    ORDER_ITEMS ||--o{ ORDERS : product_id (data-inferred)
    ORDER_ITEMS ||--o{ ORDERS : product_id (data-inferred)
    ORDER_ITEMS ||--o{ ORDERS : product_id (data-inferred)
    ORDER_ITEMS ||--o{ ORDERS : order_id (data-inferred)
    ORDER_ITEMS ||--o{ ORDERS : order_id (data-inferred)
    ORDER_ITEMS ||--o{ ORDERS : order_id (data-inferred)
    ORDER_ITEMS ||--o{ PAYMENTS : order_item_id (data-inferred)
    ORDER_ITEMS ||--o{ PAYMENTS : order_item_id (data-inferred)
    ORDER_ITEMS ||--o{ PAYMENTS : order_item_id (data-inferred)
    ORDER_ITEMS ||--o{ PAYMENTS : quantity (data-inferred)
    ORDER_ITEMS ||--o{ PAYMENTS : quantity (data-inferred)
    ORDER_ITEMS ||--o{ PAYMENTS : quantity (data-inferred)
    ORDER_ITEMS ||--o{ PAYMENTS : price (data-inferred)
    ORDER_ITEMS ||--o{ PAYMENTS : product_id (data-inferred)
    ORDER_ITEMS ||--o{ PAYMENTS : product_id (data-inferred)
    ORDER_ITEMS ||--o{ PAYMENTS : product_id (data-inferred)
    ORDER_ITEMS ||--o{ PAYMENTS : order_id (data-inferred)
    ORDER_ITEMS ||--o{ PAYMENTS : order_id (data-inferred)
    ORDER_ITEMS ||--o{ PAYMENTS : order_id (data-inferred)
    ORDER_ITEMS ||--o{ ROLES : order_item_id (data-inferred)
    ORDER_ITEMS ||--o{ ROLES : quantity (data-inferred)
    ORDER_ITEMS ||--o{ ROLES : product_id (data-inferred)
    ORDER_ITEMS ||--o{ ROLES : order_id (data-inferred)
    ORDER_ITEMS ||--o{ PRODUCTS : order_item_id (data-inferred)
    ORDER_ITEMS ||--o{ PRODUCTS : order_item_id (data-inferred)
    ORDER_ITEMS ||--o{ PRODUCTS : quantity (data-inferred)
    ORDER_ITEMS ||--o{ PRODUCTS : quantity (data-inferred)
    ORDER_ITEMS ||--o{ PRODUCTS : price (data-inferred)
    ORDER_ITEMS ||--o{ PRODUCTS : product_id (data-inferred)
    ORDER_ITEMS ||--o{ PRODUCTS : product_id (data-inferred)
    ORDER_ITEMS ||--o{ PRODUCTS : order_id (data-inferred)
    ORDER_ITEMS ||--o{ PRODUCTS : order_id (data-inferred)
    ORDER_ITEMS ||--o{ CATEGORIES : order_item_id (data-inferred)
    ORDER_ITEMS ||--o{ CATEGORIES : quantity (data-inferred)
    ORDER_ITEMS ||--o{ CATEGORIES : product_id (data-inferred)
    ORDER_ITEMS ||--o{ CATEGORIES : order_id (data-inferred)
    ORDER_ITEMS ||--o{ TENANTS : order_item_id (data-inferred)
    ORDER_ITEMS ||--o{ TENANTS : quantity (data-inferred)
    ORDER_ITEMS ||--o{ TENANTS : product_id (data-inferred)
    ORDER_ITEMS ||--o{ TENANTS : order_id (data-inferred)
    USERS ||--o{ ORDERS : tenant_id (data-inferred)
    USERS ||--o{ ORDERS : tenant_id (data-inferred)
    USERS ||--o{ ORDERS : tenant_id (data-inferred)
    USERS ||--o{ ORDERS : user_id (data-inferred)
    USERS ||--o{ ORDERS : user_id (data-inferred)
    USERS ||--o{ ORDERS : user_id (data-inferred)
    USERS ||--o{ PAYMENTS : tenant_id (data-inferred)
    USERS ||--o{ PAYMENTS : tenant_id (data-inferred)
    USERS ||--o{ PAYMENTS : tenant_id (data-inferred)
    USERS ||--o{ PAYMENTS : user_id (data-inferred)
    USERS ||--o{ PAYMENTS : user_id (data-inferred)
    USERS ||--o{ PAYMENTS : user_id (data-inferred)
    USERS ||--o{ ROLES : tenant_id (data-inferred)
    USERS ||--o{ ROLES : user_id (data-inferred)
    USERS ||--o{ PRODUCTS : tenant_id (data-inferred)
    USERS ||--o{ PRODUCTS : tenant_id (data-inferred)
    USERS ||--o{ PRODUCTS : user_id (data-inferred)
    USERS ||--o{ PRODUCTS : user_id (data-inferred)
    USERS ||--o{ CATEGORIES : tenant_id (data-inferred)
    USERS ||--o{ CATEGORIES : user_id (data-inferred)
    USERS ||--o{ TENANTS : tenant_id (data-inferred)
    USERS ||--o{ TENANTS : user_id (data-inferred)
    USERS ||--o{ TENANTS : created_at (data-inferred)
    ORDERS ||--o{ PAYMENTS : tenant_id (data-inferred)
    ORDERS ||--o{ PAYMENTS : tenant_id (data-inferred)
    ORDERS ||--o{ PAYMENTS : tenant_id (data-inferred)
    ORDERS ||--o{ PAYMENTS : user_id (data-inferred)
    ORDERS ||--o{ PAYMENTS : user_id (data-inferred)
    ORDERS ||--o{ PAYMENTS : user_id (data-inferred)
    ORDERS ||--o{ PAYMENTS : order_id (data-inferred)
    ORDERS ||--o{ PAYMENTS : order_id (data-inferred)
    ORDERS ||--o{ PAYMENTS : order_id (data-inferred)
    ORDERS ||--o{ ROLES : tenant_id (data-inferred)
    ORDERS ||--o{ ROLES : user_id (data-inferred)
    ORDERS ||--o{ ROLES : order_id (data-inferred)
    ORDERS ||--o{ PRODUCTS : tenant_id (data-inferred)
    ORDERS ||--o{ PRODUCTS : tenant_id (data-inferred)
    ORDERS ||--o{ PRODUCTS : user_id (data-inferred)
    ORDERS ||--o{ PRODUCTS : user_id (data-inferred)
    ORDERS ||--o{ PRODUCTS : order_id (data-inferred)
    ORDERS ||--o{ PRODUCTS : order_id (data-inferred)
    ORDERS ||--o{ CATEGORIES : tenant_id (data-inferred)
    ORDERS ||--o{ CATEGORIES : user_id (data-inferred)
    ORDERS ||--o{ CATEGORIES : order_id (data-inferred)
    ORDERS ||--o{ TENANTS : tenant_id (data-inferred)
    ORDERS ||--o{ TENANTS : user_id (data-inferred)
    ORDERS ||--o{ TENANTS : order_id (data-inferred)
    PAYMENTS ||--o{ ROLES : user_id (data-inferred)
    PAYMENTS ||--o{ ROLES : payment_id (data-inferred)
    PAYMENTS ||--o{ ROLES : order_id (data-inferred)
    PAYMENTS ||--o{ PRODUCTS : amount (data-inferred)
    PAYMENTS ||--o{ PRODUCTS : user_id (data-inferred)
    PAYMENTS ||--o{ PRODUCTS : user_id (data-inferred)
    PAYMENTS ||--o{ PRODUCTS : payment_id (data-inferred)
    PAYMENTS ||--o{ PRODUCTS : payment_id (data-inferred)
    PAYMENTS ||--o{ PRODUCTS : order_id (data-inferred)
    PAYMENTS ||--o{ PRODUCTS : order_id (data-inferred)
    PAYMENTS ||--o{ CATEGORIES : user_id (data-inferred)
    PAYMENTS ||--o{ CATEGORIES : payment_id (data-inferred)
    PAYMENTS ||--o{ CATEGORIES : order_id (data-inferred)
    PAYMENTS ||--o{ TENANTS : user_id (data-inferred)
    PAYMENTS ||--o{ TENANTS : payment_id (data-inferred)
    PAYMENTS ||--o{ TENANTS : order_id (data-inferred)
    ROLES ||--o{ PRODUCTS : role_id (data-inferred)
    ROLES ||--o{ PRODUCTS : role_id (data-inferred)
    ROLES ||--o{ CATEGORIES : role_id (data-inferred)
    ROLES ||--o{ TENANTS : role_id (data-inferred)
    PRODUCTS ||--o{ CATEGORIES : category_id (data-inferred)
    PRODUCTS ||--o{ CATEGORIES : product_id (data-inferred)
    PRODUCTS ||--o{ TENANTS : category_id (data-inferred)
    PRODUCTS ||--o{ TENANTS : product_id (data-inferred)
    CATEGORIES ||--o{ TENANTS : category_id (data-inferred)

2026-03-02T11:54:33.195+05:30  INFO 26020 --- [ionShutdownHook] o.s.boot.tomcat.GracefulShutdown         : Commencing graceful shutdown. Waiting for active requests to complete
2026-03-02T11:54:33.198+05:30  INFO 26020 --- [tomcat-shutdown] o.s.boot.tomcat.GracefulShutdown         : Graceful shutdown complete
2026-03-02T11:54:33.199+05:30  INFO 26020 --- [ionShutdownHook] com.zaxxer.hikari.HikariDataSource       : HikariPool-1 - Shutdown initiated...
2026-03-02T11:54:33.201+05:30  INFO 26020 --- [ionShutdownHook] com.zaxxer.hikari.HikariDataSource       : HikariPool-1 - Shutdown completed.
